<?xml version="1.0" encoding="UTF-8"?>
<!-- Generated by org.testng.reporters.JUnitReportReporter -->
<testsuite hostname="DESKTOP-MMOB49H" failures="0" tests="1" name="com.zolo.pom.CampaignModule" time="0.019" errors="0" timestamp="2024-09-02T09:36:14 IST" skipped="0">
  <testcase classname="com.zolo.pom.CampaignModule" name="createCampaign" time="0.019"/>
  <system-out>
    <![CDATA[hey its me sachin]]>
  </system-out>
</testsuite> <!-- com.zolo.pom.CampaignModule -->
