<?xml version="1.0" encoding="UTF-8"?>
<!-- Generated by org.testng.reporters.JUnitReportReporter -->
<testsuite hostname="DESKTOP-MMOB49H" failures="0" tests="1" name="com.zolo.testscripts.CreateCampaign" time="0.016" errors="0" timestamp="2024-09-02T10:39:57 IST" skipped="0">
  <testcase classname="com.zolo.testscripts.CreateCampaign" name="CreateCampaign1" time="0.016"/>
  <system-out>
    <![CDATA[create campaign]]>
  </system-out>
</testsuite> <!-- com.zolo.testscripts.CreateCampaign -->
